<?xml version="1.0" encoding="UTF-8"?>
<testsuite name="com.abakmaz.CurrencyCalculater.TestMainVerticle" tests="1" skipped="0" failures="0" errors="0" timestamp="2023-09-19T23:00:13" hostname="DESKTOP-GDHG7BS" time="2.304">
  <properties/>
  <testcase name="verticle_deployed(Vertx, VertxTestContext)" classname="com.abakmaz.CurrencyCalculater.TestMainVerticle" time="2.304"/>
  <system-out><![CDATA[]]></system-out>
  <system-err><![CDATA[Eyl 20, 2023 2:00:13 AM org.hibernate.Version logVersion
INFO: HHH000412: Hibernate ORM core version 5.6.3.Final
Eyl 20, 2023 2:00:13 AM org.hibernate.boot.jaxb.internal.stax.LocalXmlResourceResolver resolveEntity
WARN: HHH90000012: Recognized obsolete hibernate namespace http://hibernate.sourceforge.net/hibernate-configuration. Use namespace http://www.hibernate.org/dtd/hibernate-configuration instead.  Support for obsolete DTD/XSD namespaces may be removed at any time.
Eyl 20, 2023 2:00:14 AM org.hibernate.annotations.common.reflection.java.JavaReflectionManager <clinit>
INFO: HCANN000001: Hibernate Commons Annotations {5.1.2.Final}
Eyl 20, 2023 2:00:14 AM org.hibernate.engine.jdbc.connections.internal.ConnectionProviderInitiator instantiateC3p0Provider
WARN: HHH000022: c3p0 properties were encountered, but the c3p0 provider class was not found on the classpath; these properties are going to be ignored.
Eyl 20, 2023 2:00:14 AM org.hibernate.engine.jdbc.connections.internal.DriverManagerConnectionProviderImpl configure
WARN: HHH10001002: Using Hibernate built-in connection pool (not for production use!)
Eyl 20, 2023 2:00:14 AM org.hibernate.engine.jdbc.connections.internal.DriverManagerConnectionProviderImpl buildCreator
INFO: HHH10001005: using driver [org.postgresql.Driver] at URL [jdbc:postgresql://localhost:5432/foreks]
Eyl 20, 2023 2:00:14 AM org.hibernate.engine.jdbc.connections.internal.DriverManagerConnectionProviderImpl buildCreator
INFO: HHH10001001: Connection properties: {user=postgres, password=****}
Eyl 20, 2023 2:00:14 AM org.hibernate.engine.jdbc.connections.internal.DriverManagerConnectionProviderImpl buildCreator
INFO: HHH10001003: Autocommit mode: false
Eyl 20, 2023 2:00:14 AM org.hibernate.engine.jdbc.connections.internal.DriverManagerConnectionProviderImpl$PooledConnections <init>
INFO: HHH000115: Hibernate connection pool size: 20 (min=1)
Eyl 20, 2023 2:00:14 AM org.hibernate.dialect.Dialect <init>
INFO: HHH000400: Using dialect: org.hibernate.dialect.PostgreSQLDialect
Eyl 20, 2023 2:00:15 AM org.hibernate.resource.transaction.backend.jdbc.internal.DdlTransactionIsolatorNonJtaImpl getIsolatedConnection
INFO: HHH10001501: Connection obtained from JdbcConnectionAccess [org.hibernate.engine.jdbc.env.internal.JdbcEnvironmentInitiator$ConnectionProviderJdbcConnectionAccess@53324b07] for (non-JTA) DDL execution was not in auto-commit mode; the Connection 'local transaction' will be committed and the Connection will be set into auto-commit mode.
Eyl 20, 2023 2:00:15 AM org.hibernate.engine.transaction.jta.platform.internal.JtaPlatformInitiator initiateService
INFO: HHH000490: Using JtaPlatform implementation: [org.hibernate.engine.transaction.jta.platform.internal.NoJtaPlatform]
Eyl 20, 2023 2:00:15 AM io.netty.channel.AbstractChannel$AbstractUnsafe register
WARNING: Force-closing a channel whose registration task was not accepted by an event loop: [id: 0x351a1a1f]
java.util.concurrent.RejectedExecutionException: event executor terminated
	at io.netty.util.concurrent.SingleThreadEventExecutor.reject(SingleThreadEventExecutor.java:934)
	at io.netty.util.concurrent.SingleThreadEventExecutor.offerTask(SingleThreadEventExecutor.java:351)
	at io.netty.util.concurrent.SingleThreadEventExecutor.addTask(SingleThreadEventExecutor.java:344)
	at io.netty.util.concurrent.SingleThreadEventExecutor.execute(SingleThreadEventExecutor.java:836)
	at io.netty.util.concurrent.SingleThreadEventExecutor.execute0(SingleThreadEventExecutor.java:827)
	at io.netty.util.concurrent.SingleThreadEventExecutor.execute(SingleThreadEventExecutor.java:817)
	at io.netty.channel.AbstractChannel$AbstractUnsafe.register(AbstractChannel.java:483)
	at io.netty.channel.SingleThreadEventLoop.register(SingleThreadEventLoop.java:89)
	at io.netty.channel.SingleThreadEventLoop.register(SingleThreadEventLoop.java:83)
	at io.netty.channel.MultithreadEventLoopGroup.register(MultithreadEventLoopGroup.java:86)
	at io.netty.bootstrap.AbstractBootstrap.initAndRegister(AbstractBootstrap.java:323)
	at io.netty.bootstrap.AbstractBootstrap.doBind(AbstractBootstrap.java:272)
	at io.netty.bootstrap.AbstractBootstrap.bind(AbstractBootstrap.java:268)
	at io.vertx.core.net.impl.AsyncResolveConnectHelper.lambda$doBind$2(AsyncResolveConnectHelper.java:58)
	at io.vertx.core.net.impl.AsyncResolveConnectHelper.doBind(AsyncResolveConnectHelper.java:71)
	at io.vertx.core.net.impl.TCPServerBase.lambda$listen$4(TCPServerBase.java:187)
	at io.vertx.core.impl.future.FutureImpl$3.onSuccess(FutureImpl.java:141)
	at io.vertx.core.impl.future.FutureBase.emitSuccess(FutureBase.java:60)
	at io.vertx.core.impl.future.FutureImpl.addListener(FutureImpl.java:196)
	at io.vertx.core.impl.future.FutureImpl.onComplete(FutureImpl.java:164)
	at io.vertx.core.net.impl.TCPServerBase.listen(TCPServerBase.java:167)
	at io.vertx.core.net.impl.TCPServerBase.bind(TCPServerBase.java:109)
	at io.vertx.core.http.impl.HttpServerImpl.listen(HttpServerImpl.java:178)
	at io.vertx.core.http.HttpServer.listen(HttpServer.java:169)
	at io.vertx.core.http.HttpServer.listen(HttpServer.java:220)
	at com.abakmaz.CurrencyCalculater.Services.web.PersonServiceVerticle.start(PersonServiceVerticle.java:40)
	at io.vertx.core.AbstractVerticle.start(AbstractVerticle.java:106)
	at io.vertx.core.impl.DeploymentManager.lambda$doDeploy$5(DeploymentManager.java:196)
	at io.vertx.core.impl.ContextInternal.dispatch(ContextInternal.java:264)
	at io.vertx.core.impl.ContextInternal.dispatch(ContextInternal.java:246)
	at io.vertx.core.impl.EventLoopContext.lambda$runOnContext$0(EventLoopContext.java:43)
	at io.netty.util.concurrent.AbstractEventExecutor.runTask(AbstractEventExecutor.java:174)
	at io.netty.util.concurrent.AbstractEventExecutor.safeExecute(AbstractEventExecutor.java:167)
	at io.netty.util.concurrent.SingleThreadEventExecutor.runAllTasks(SingleThreadEventExecutor.java:470)
	at io.netty.channel.nio.NioEventLoop.run(NioEventLoop.java:569)
	at io.netty.util.concurrent.SingleThreadEventExecutor$4.run(SingleThreadEventExecutor.java:997)
	at io.netty.util.internal.ThreadExecutorMap$2.run(ThreadExecutorMap.java:74)
	at io.netty.util.concurrent.FastThreadLocalRunnable.run(FastThreadLocalRunnable.java:30)
	at java.lang.Thread.run(Thread.java:750)

Eyl 20, 2023 2:00:15 AM io.netty.util.concurrent.DefaultPromise safeExecute
SEVERE: Failed to submit a listener notification task. Event loop shut down?
java.util.concurrent.RejectedExecutionException: event executor terminated
	at io.netty.util.concurrent.SingleThreadEventExecutor.reject(SingleThreadEventExecutor.java:934)
	at io.netty.util.concurrent.SingleThreadEventExecutor.offerTask(SingleThreadEventExecutor.java:351)
	at io.netty.util.concurrent.SingleThreadEventExecutor.addTask(SingleThreadEventExecutor.java:344)
	at io.netty.util.concurrent.SingleThreadEventExecutor.execute(SingleThreadEventExecutor.java:836)
	at io.netty.util.concurrent.SingleThreadEventExecutor.execute0(SingleThreadEventExecutor.java:827)
	at io.netty.util.concurrent.SingleThreadEventExecutor.execute(SingleThreadEventExecutor.java:817)
	at io.netty.util.concurrent.DefaultPromise.safeExecute(DefaultPromise.java:862)
	at io.netty.util.concurrent.DefaultPromise.notifyListeners(DefaultPromise.java:500)
	at io.netty.util.concurrent.DefaultPromise.addListener(DefaultPromise.java:185)
	at io.netty.channel.DefaultChannelPromise.addListener(DefaultChannelPromise.java:95)
	at io.netty.channel.DefaultChannelPromise.addListener(DefaultChannelPromise.java:30)
	at io.vertx.core.net.impl.AsyncResolveConnectHelper.lambda$doBind$2(AsyncResolveConnectHelper.java:59)
	at io.vertx.core.net.impl.AsyncResolveConnectHelper.doBind(AsyncResolveConnectHelper.java:71)
	at io.vertx.core.net.impl.TCPServerBase.lambda$listen$4(TCPServerBase.java:187)
	at io.vertx.core.impl.future.FutureImpl$3.onSuccess(FutureImpl.java:141)
	at io.vertx.core.impl.future.FutureBase.emitSuccess(FutureBase.java:60)
	at io.vertx.core.impl.future.FutureImpl.addListener(FutureImpl.java:196)
	at io.vertx.core.impl.future.FutureImpl.onComplete(FutureImpl.java:164)
	at io.vertx.core.net.impl.TCPServerBase.listen(TCPServerBase.java:167)
	at io.vertx.core.net.impl.TCPServerBase.bind(TCPServerBase.java:109)
	at io.vertx.core.http.impl.HttpServerImpl.listen(HttpServerImpl.java:178)
	at io.vertx.core.http.HttpServer.listen(HttpServer.java:169)
	at io.vertx.core.http.HttpServer.listen(HttpServer.java:220)
	at com.abakmaz.CurrencyCalculater.Services.web.PersonServiceVerticle.start(PersonServiceVerticle.java:40)
	at io.vertx.core.AbstractVerticle.start(AbstractVerticle.java:106)
	at io.vertx.core.impl.DeploymentManager.lambda$doDeploy$5(DeploymentManager.java:196)
	at io.vertx.core.impl.ContextInternal.dispatch(ContextInternal.java:264)
	at io.vertx.core.impl.ContextInternal.dispatch(ContextInternal.java:246)
	at io.vertx.core.impl.EventLoopContext.lambda$runOnContext$0(EventLoopContext.java:43)
	at io.netty.util.concurrent.AbstractEventExecutor.runTask(AbstractEventExecutor.java:174)
	at io.netty.util.concurrent.AbstractEventExecutor.safeExecute(AbstractEventExecutor.java:167)
	at io.netty.util.concurrent.SingleThreadEventExecutor.runAllTasks(SingleThreadEventExecutor.java:470)
	at io.netty.channel.nio.NioEventLoop.run(NioEventLoop.java:569)
	at io.netty.util.concurrent.SingleThreadEventExecutor$4.run(SingleThreadEventExecutor.java:997)
	at io.netty.util.internal.ThreadExecutorMap$2.run(ThreadExecutorMap.java:74)
	at io.netty.util.concurrent.FastThreadLocalRunnable.run(FastThreadLocalRunnable.java:30)
	at java.lang.Thread.run(Thread.java:750)

Eyl 20, 2023 2:00:15 AM io.netty.channel.AbstractChannel$AbstractUnsafe register
WARNING: Force-closing a channel whose registration task was not accepted by an event loop: [id: 0xd2c7f7b7]
java.util.concurrent.RejectedExecutionException: event executor terminated
	at io.netty.util.concurrent.SingleThreadEventExecutor.reject(SingleThreadEventExecutor.java:934)
	at io.netty.util.concurrent.SingleThreadEventExecutor.offerTask(SingleThreadEventExecutor.java:351)
	at io.netty.util.concurrent.SingleThreadEventExecutor.addTask(SingleThreadEventExecutor.java:344)
	at io.netty.util.concurrent.SingleThreadEventExecutor.execute(SingleThreadEventExecutor.java:836)
	at io.netty.util.concurrent.SingleThreadEventExecutor.execute0(SingleThreadEventExecutor.java:827)
	at io.netty.util.concurrent.SingleThreadEventExecutor.execute(SingleThreadEventExecutor.java:817)
	at io.netty.channel.AbstractChannel$AbstractUnsafe.register(AbstractChannel.java:483)
	at io.netty.channel.SingleThreadEventLoop.register(SingleThreadEventLoop.java:89)
	at io.netty.channel.SingleThreadEventLoop.register(SingleThreadEventLoop.java:83)
	at io.netty.channel.MultithreadEventLoopGroup.register(MultithreadEventLoopGroup.java:86)
	at io.netty.bootstrap.AbstractBootstrap.initAndRegister(AbstractBootstrap.java:323)
	at io.netty.bootstrap.AbstractBootstrap.doBind(AbstractBootstrap.java:272)
	at io.netty.bootstrap.AbstractBootstrap.bind(AbstractBootstrap.java:268)
	at io.vertx.core.net.impl.AsyncResolveConnectHelper.lambda$doBind$2(AsyncResolveConnectHelper.java:58)
	at io.vertx.core.net.impl.AsyncResolveConnectHelper.doBind(AsyncResolveConnectHelper.java:71)
	at io.vertx.core.net.impl.TCPServerBase.lambda$listen$4(TCPServerBase.java:187)
	at io.vertx.core.impl.future.FutureImpl$3.onSuccess(FutureImpl.java:141)
	at io.vertx.core.impl.future.FutureBase.emitSuccess(FutureBase.java:60)
	at io.vertx.core.impl.future.FutureImpl.addListener(FutureImpl.java:196)
	at io.vertx.core.impl.future.FutureImpl.onComplete(FutureImpl.java:164)
	at io.vertx.core.net.impl.TCPServerBase.listen(TCPServerBase.java:167)
	at io.vertx.core.net.impl.TCPServerBase.bind(TCPServerBase.java:109)
	at io.vertx.core.http.impl.HttpServerImpl.listen(HttpServerImpl.java:178)
	at io.vertx.core.http.HttpServer.listen(HttpServer.java:169)
	at io.vertx.core.http.HttpServer.listen(HttpServer.java:220)
	at com.abakmaz.CurrencyCalculater.Services.web.CurrencyCalculaterVerticle.start(CurrencyCalculaterVerticle.java:28)
	at io.vertx.core.AbstractVerticle.start(AbstractVerticle.java:106)
	at io.vertx.core.impl.DeploymentManager.lambda$doDeploy$5(DeploymentManager.java:196)
	at io.vertx.core.impl.ContextInternal.dispatch(ContextInternal.java:264)
	at io.vertx.core.impl.ContextInternal.dispatch(ContextInternal.java:246)
	at io.vertx.core.impl.EventLoopContext.lambda$runOnContext$0(EventLoopContext.java:43)
	at io.netty.util.concurrent.AbstractEventExecutor.runTask(AbstractEventExecutor.java:174)
	at io.netty.util.concurrent.AbstractEventExecutor.safeExecute(AbstractEventExecutor.java:167)
	at io.netty.util.concurrent.SingleThreadEventExecutor.runAllTasks(SingleThreadEventExecutor.java:470)
	at io.netty.channel.nio.NioEventLoop.run(NioEventLoop.java:569)
	at io.netty.util.concurrent.SingleThreadEventExecutor$4.run(SingleThreadEventExecutor.java:997)
	at io.netty.util.internal.ThreadExecutorMap$2.run(ThreadExecutorMap.java:74)
	at io.netty.util.concurrent.FastThreadLocalRunnable.run(FastThreadLocalRunnable.java:30)
	at java.lang.Thread.run(Thread.java:750)

Eyl 20, 2023 2:00:15 AM io.netty.util.concurrent.DefaultPromise safeExecute
SEVERE: Failed to submit a listener notification task. Event loop shut down?
java.util.concurrent.RejectedExecutionException: event executor terminated
	at io.netty.util.concurrent.SingleThreadEventExecutor.reject(SingleThreadEventExecutor.java:934)
	at io.netty.util.concurrent.SingleThreadEventExecutor.offerTask(SingleThreadEventExecutor.java:351)
	at io.netty.util.concurrent.SingleThreadEventExecutor.addTask(SingleThreadEventExecutor.java:344)
	at io.netty.util.concurrent.SingleThreadEventExecutor.execute(SingleThreadEventExecutor.java:836)
	at io.netty.util.concurrent.SingleThreadEventExecutor.execute0(SingleThreadEventExecutor.java:827)
	at io.netty.util.concurrent.SingleThreadEventExecutor.execute(SingleThreadEventExecutor.java:817)
	at io.netty.util.concurrent.DefaultPromise.safeExecute(DefaultPromise.java:862)
	at io.netty.util.concurrent.DefaultPromise.notifyListeners(DefaultPromise.java:500)
	at io.netty.util.concurrent.DefaultPromise.addListener(DefaultPromise.java:185)
	at io.netty.channel.DefaultChannelPromise.addListener(DefaultChannelPromise.java:95)
	at io.netty.channel.DefaultChannelPromise.addListener(DefaultChannelPromise.java:30)
	at io.vertx.core.net.impl.AsyncResolveConnectHelper.lambda$doBind$2(AsyncResolveConnectHelper.java:59)
	at io.vertx.core.net.impl.AsyncResolveConnectHelper.doBind(AsyncResolveConnectHelper.java:71)
	at io.vertx.core.net.impl.TCPServerBase.lambda$listen$4(TCPServerBase.java:187)
	at io.vertx.core.impl.future.FutureImpl$3.onSuccess(FutureImpl.java:141)
	at io.vertx.core.impl.future.FutureBase.emitSuccess(FutureBase.java:60)
	at io.vertx.core.impl.future.FutureImpl.addListener(FutureImpl.java:196)
	at io.vertx.core.impl.future.FutureImpl.onComplete(FutureImpl.java:164)
	at io.vertx.core.net.impl.TCPServerBase.listen(TCPServerBase.java:167)
	at io.vertx.core.net.impl.TCPServerBase.bind(TCPServerBase.java:109)
	at io.vertx.core.http.impl.HttpServerImpl.listen(HttpServerImpl.java:178)
	at io.vertx.core.http.HttpServer.listen(HttpServer.java:169)
	at io.vertx.core.http.HttpServer.listen(HttpServer.java:220)
	at com.abakmaz.CurrencyCalculater.Services.web.CurrencyCalculaterVerticle.start(CurrencyCalculaterVerticle.java:28)
	at io.vertx.core.AbstractVerticle.start(AbstractVerticle.java:106)
	at io.vertx.core.impl.DeploymentManager.lambda$doDeploy$5(DeploymentManager.java:196)
	at io.vertx.core.impl.ContextInternal.dispatch(ContextInternal.java:264)
	at io.vertx.core.impl.ContextInternal.dispatch(ContextInternal.java:246)
	at io.vertx.core.impl.EventLoopContext.lambda$runOnContext$0(EventLoopContext.java:43)
	at io.netty.util.concurrent.AbstractEventExecutor.runTask(AbstractEventExecutor.java:174)
	at io.netty.util.concurrent.AbstractEventExecutor.safeExecute(AbstractEventExecutor.java:167)
	at io.netty.util.concurrent.SingleThreadEventExecutor.runAllTasks(SingleThreadEventExecutor.java:470)
	at io.netty.channel.nio.NioEventLoop.run(NioEventLoop.java:569)
	at io.netty.util.concurrent.SingleThreadEventExecutor$4.run(SingleThreadEventExecutor.java:997)
	at io.netty.util.internal.ThreadExecutorMap$2.run(ThreadExecutorMap.java:74)
	at io.netty.util.concurrent.FastThreadLocalRunnable.run(FastThreadLocalRunnable.java:30)
	at java.lang.Thread.run(Thread.java:750)

]]></system-err>
</testsuite>
